<?xml version="1.0" encoding="utf-8" standalone="no"?>
<!--This file represents the results of running a test suite-->
<test-results name="D:\Development\Github\BohriumNET\test\Bohrium.Core.Test\bin\Release\Bohrium.Core.Test.dll" total="27" errors="0" failures="0" not-run="0" inconclusive="0" ignored="0" skipped="0" invalid="0" date="2014-12-30" time="16:08:01">
  <environment nunit-version="2.6.3.13283" clr-version="2.0.50727.5485" os-version="Microsoft Windows NT 6.1.7601 Service Pack 1" platform="Win32NT" cwd="D:\Development\Github\BohriumNET" machine-name="CIT010841CPS" user="patrinhani" user-domain="CIT" />
  <culture-info current-culture="en-US" current-uiculture="pt-BR" />
  <test-suite type="Assembly" name="D:\Development\Github\BohriumNET\test\Bohrium.Core.Test\bin\Release\Bohrium.Core.Test.dll" executed="True" result="Success" success="True" time="0.356" asserts="0">
    <results>
      <test-suite type="Namespace" name="Bohrium" executed="True" result="Success" success="True" time="0.342" asserts="0">
        <results>
          <test-suite type="Namespace" name="Core" executed="True" result="Success" success="True" time="0.342" asserts="0">
            <results>
              <test-suite type="Namespace" name="Test" executed="True" result="Success" success="True" time="0.342" asserts="0">
                <results>
                  <test-suite type="Namespace" name="Compression" executed="True" result="Success" success="True" time="0.164" asserts="0">
                    <results>
                      <test-suite type="TestFixture" name="CompressionUtilsTestFixture" executed="True" result="Success" success="True" time="0.162" asserts="0">
                        <results>
                          <test-case name="Bohrium.Core.Test.Compression.CompressionUtilsTestFixture.should_be_able_to_compress_and_decompress_a_serializable_object_into_a_byte_array" executed="True" result="Success" success="True" time="0.152" asserts="4" />
                        </results>
                      </test-suite>
                    </results>
                  </test-suite>
                  <test-suite type="Namespace" name="Extensions" executed="True" result="Success" success="True" time="0.172" asserts="0">
                    <results>
                      <test-suite type="TestFixture" name="ByteArrayExtensionMethodsTestFixture" executed="True" result="Success" success="True" time="0.013" asserts="0">
                        <results>
                          <test-case name="Bohrium.Core.Test.Extensions.ByteArrayExtensionMethodsTestFixture.should_be_able_to_compress_and_decompress_an_object" executed="True" result="Success" success="True" time="0.005" asserts="3" />
                          <test-case name="Bohrium.Core.Test.Extensions.ByteArrayExtensionMethodsTestFixture.should_be_able_to_convert_a_byte_array_to_a_hex_string" executed="True" result="Success" success="True" time="0.001" asserts="1" />
                          <test-case name="Bohrium.Core.Test.Extensions.ByteArrayExtensionMethodsTestFixture.should_be_able_to_deserialize_a_byte_array_to_a_serializable_type" executed="True" result="Success" success="True" time="0.004" asserts="4" />
                        </results>
                      </test-suite>
                      <test-suite type="TestFixture" name="DateTimeExtensionMethodsTestFixture" executed="True" result="Success" success="True" time="0.017" asserts="0">
                        <results>
                          <test-case name="Bohrium.Core.Test.Extensions.DateTimeExtensionMethodsTestFixture.test_FirstDayOfMonth" executed="True" result="Success" success="True" time="0.002" asserts="1" />
                          <test-case name="Bohrium.Core.Test.Extensions.DateTimeExtensionMethodsTestFixture.test_FirstDayOfWeek" executed="True" result="Success" success="True" time="0.001" asserts="1" />
                          <test-case name="Bohrium.Core.Test.Extensions.DateTimeExtensionMethodsTestFixture.test_FirstWeekDayOfMonth" executed="True" result="Success" success="True" time="0.001" asserts="2" />
                          <test-case name="Bohrium.Core.Test.Extensions.DateTimeExtensionMethodsTestFixture.test_GetEndOfDay" executed="True" result="Success" success="True" time="0.001" asserts="1" />
                          <test-case name="Bohrium.Core.Test.Extensions.DateTimeExtensionMethodsTestFixture.test_IsWeekDay" executed="True" result="Success" success="True" time="0.002" asserts="7" />
                          <test-case name="Bohrium.Core.Test.Extensions.DateTimeExtensionMethodsTestFixture.test_IsWeekend" executed="True" result="Success" success="True" time="0.001" asserts="7" />
                          <test-case name="Bohrium.Core.Test.Extensions.DateTimeExtensionMethodsTestFixture.test_LastDayOfMonth" executed="True" result="Success" success="True" time="0.001" asserts="1" />
                          <test-case name="Bohrium.Core.Test.Extensions.DateTimeExtensionMethodsTestFixture.test_LastDayOfWeek" executed="True" result="Success" success="True" time="0.001" asserts="1" />
                          <test-case name="Bohrium.Core.Test.Extensions.DateTimeExtensionMethodsTestFixture.test_LastWeekDayOfMonth" executed="True" result="Success" success="True" time="0.001" asserts="1" />
                          <test-case name="Bohrium.Core.Test.Extensions.DateTimeExtensionMethodsTestFixture.test_NextWeekDayOfMonth" executed="True" result="Success" success="True" time="0.001" asserts="1" />
                          <test-case name="Bohrium.Core.Test.Extensions.DateTimeExtensionMethodsTestFixture.test_PreviousWeekDayOfMonth" executed="True" result="Success" success="True" time="0.001" asserts="1" />
                          <test-case name="Bohrium.Core.Test.Extensions.DateTimeExtensionMethodsTestFixture.test_SetTime" executed="True" result="Success" success="True" time="0.000" asserts="1" />
                        </results>
                      </test-suite>
                      <test-suite type="TestFixture" name="ObjectExtensionMethodsTestFixture" executed="True" result="Success" success="True" time="0.005" asserts="0">
                        <results>
                          <test-case name="Bohrium.Core.Test.Extensions.ObjectExtensionMethodsTestFixture.should_be_able_to_compute_the_MD5_hash_and_get_MD5_string_representation_for_a_serializable_type_and_compare_different_instances" executed="True" result="Success" success="True" time="0.001" asserts="3" />
                          <test-case name="Bohrium.Core.Test.Extensions.ObjectExtensionMethodsTestFixture.should_be_able_to_compute_the_MD5_hash_for_a_serializable_type_and_compare_different_instances" executed="True" result="Success" success="True" time="0.001" asserts="3" />
                          <test-case name="Bohrium.Core.Test.Extensions.ObjectExtensionMethodsTestFixture.should_be_able_to_convert_an_object_to_byte_array" executed="True" result="Success" success="True" time="0.001" asserts="2" />
                          <test-case name="Bohrium.Core.Test.Extensions.ObjectExtensionMethodsTestFixture.test_for_IsNull_IsNotNull" executed="True" result="Success" success="True" time="0.000" asserts="2" />
                        </results>
                      </test-suite>
                      <test-suite type="TestFixture" name="ReflectionExtensionMethodsTestFixture" executed="True" result="Success" success="True" time="0.008" asserts="0">
                        <results>
                          <test-case name="Bohrium.Core.Test.Extensions.ReflectionExtensionMethodsTestFixture.should_be_able_to_call_methods_with_parameters" executed="True" result="Success" success="True" time="0.001" asserts="1" />
                          <test-case name="Bohrium.Core.Test.Extensions.ReflectionExtensionMethodsTestFixture.should_be_able_to_call_methods_with_return_value" executed="True" result="Success" success="True" time="0.001" asserts="1" />
                          <test-case name="Bohrium.Core.Test.Extensions.ReflectionExtensionMethodsTestFixture.should_be_able_to_call_methods_without_return_value" executed="True" result="Success" success="True" time="0.001" asserts="1" />
                          <test-case name="Bohrium.Core.Test.Extensions.ReflectionExtensionMethodsTestFixture.should_be_able_to_get_and_set_value_of_fields" executed="True" result="Success" success="True" time="0.001" asserts="2" />
                          <test-case name="Bohrium.Core.Test.Extensions.ReflectionExtensionMethodsTestFixture.should_be_able_to_get_and_set_value_of_properties" executed="True" result="Success" success="True" time="0.001" asserts="2" />
                        </results>
                      </test-suite>
                      <test-suite type="TestFixture" name="StringExtensionMethodsTestFixture" executed="True" result="Success" success="True" time="0.125" asserts="0">
                        <results>
                          <test-case name="Bohrium.Core.Test.Extensions.StringExtensionMethodsTestFixture.should_be_able_to_delete_a_part_of_a_string_by_a_regular_expression" executed="True" result="Success" success="True" time="0.115" asserts="1" />
                          <test-case name="Bohrium.Core.Test.Extensions.StringExtensionMethodsTestFixture.should_be_able_to_replace_a_part_of_a_string_by_a_regular_expression" executed="True" result="Success" success="True" time="0.008" asserts="1" />
                        </results>
                      </test-suite>
                    </results>
                  </test-suite>
                </results>
              </test-suite>
            </results>
          </test-suite>
        </results>
      </test-suite>
    </results>
  </test-suite>
</test-results>